<?xml version="1.0" encoding="UTF-8"?>
<!-- Generated by org.testng.reporters.JUnitReportReporter -->
<testsuite skipped="0" hostname="ANDROMEDA" name="com.qa.tests.LoginTest" tests="1" failures="0" timestamp="2019-10-28T21:49:44 IST" time="0.016" errors="0">
  <testcase name="test1" time="0.016" classname="com.qa.tests.LoginTest"/>
</testsuite> <!-- com.qa.tests.LoginTest -->
